[debug] [2020-10-02T11:26:33.398Z] ----------------------------------------------------------------------
[debug] [2020-10-02T11:26:33.402Z] Command:       C:\Program Files\nodejs\node.exe C:\Users\roman\AppData\Roaming\npm\node_modules\firebase-tools\lib\bin\firebase.js open
[debug] [2020-10-02T11:26:33.403Z] CLI Version:   8.11.2
[debug] [2020-10-02T11:26:33.403Z] Platform:      win32
[debug] [2020-10-02T11:26:33.403Z] Node Version:  v12.14.1
[debug] [2020-10-02T11:26:33.405Z] Time:          Fri Oct 02 2020 14:26:33 GMT+0300 (GMT+03:00)
[debug] [2020-10-02T11:26:33.405Z] ----------------------------------------------------------------------
[debug] [2020-10-02T11:26:33.405Z] 
[debug] [2020-10-02T11:26:33.418Z] > command requires scopes: ["email","openid","https://www.googleapis.com/auth/cloudplatformprojects.readonly","https://www.googleapis.com/auth/firebase","https://www.googleapis.com/auth/cloud-platform"]
[debug] [2020-10-02T11:26:33.419Z] > authorizing via signed-in user
[debug] [2020-10-02T11:26:33.422Z] [iam] checking project pharmacy-3fcc3 for permissions ["firebase.projects.get"]
[debug] [2020-10-02T11:26:33.428Z] > refreshing access token with scopes: ["email","https://www.googleapis.com/auth/cloud-platform","https://www.googleapis.com/auth/cloudplatformprojects.readonly","https://www.googleapis.com/auth/firebase","openid"]
[debug] [2020-10-02T11:26:33.430Z] >>> HTTP REQUEST POST https://www.googleapis.com/oauth2/v3/token  
 <request body omitted>
[debug] [2020-10-02T11:26:33.662Z] <<< HTTP RESPONSE 200 {"content-type":"application/json; charset=utf-8","vary":"X-Origin, Referer, Origin,Accept-Encoding","date":"Fri, 02 Oct 2020 11:26:36 GMT","server":"scaffolding on HTTPServer2","cache-control":"private","x-xss-protection":"0","x-frame-options":"SAMEORIGIN","x-content-type-options":"nosniff","alt-svc":"h3-Q050=\":443\"; ma=2592000,h3-29=\":443\"; ma=2592000,h3-27=\":443\"; ma=2592000,h3-T051=\":443\"; ma=2592000,h3-T050=\":443\"; ma=2592000,h3-Q046=\":443\"; ma=2592000,h3-Q043=\":443\"; ma=2592000,quic=\":443\"; ma=2592000; v=\"46,43\"","accept-ranges":"none","transfer-encoding":"chunked"}
[debug] [2020-10-02T11:26:33.708Z] >>> HTTP REQUEST POST https://cloudresourcemanager.googleapis.com/v1/projects/pharmacy-3fcc3:testIamPermissions  
 {"permissions":["firebase.projects.get"]}
[debug] [2020-10-02T11:26:34.572Z] <<< HTTP RESPONSE 200 {"content-type":"application/json; charset=UTF-8","vary":"X-Origin, Referer, Origin,Accept-Encoding","date":"Fri, 02 Oct 2020 11:26:36 GMT","server":"ESF","cache-control":"private","x-xss-protection":"0","x-frame-options":"SAMEORIGIN","x-content-type-options":"nosniff","server-timing":"gfet4t7; dur=715","alt-svc":"h3-Q050=\":443\"; ma=2592000,h3-29=\":443\"; ma=2592000,h3-27=\":443\"; ma=2592000,h3-T051=\":443\"; ma=2592000,h3-T050=\":443\"; ma=2592000,h3-Q046=\":443\"; ma=2592000,h3-Q043=\":443\"; ma=2592000,quic=\":443\"; ma=2592000; v=\"46,43\"","accept-ranges":"none","transfer-encoding":"chunked"}
[debug] [2020-10-02T11:26:34.576Z] >>> HTTP REQUEST GET https://firebase.googleapis.com/v1beta1/projects/pharmacy-3fcc3  
 
[debug] [2020-10-02T11:26:34.887Z] <<< HTTP RESPONSE 200 {"content-type":"application/json; charset=UTF-8","vary":"X-Origin, Referer, Origin,Accept-Encoding","date":"Fri, 02 Oct 2020 11:26:37 GMT","server":"ESF","cache-control":"private","x-xss-protection":"0","x-frame-options":"SAMEORIGIN","x-content-type-options":"nosniff","alt-svc":"h3-Q050=\":443\"; ma=2592000,h3-29=\":443\"; ma=2592000,h3-27=\":443\"; ma=2592000,h3-T051=\":443\"; ma=2592000,h3-T050=\":443\"; ma=2592000,h3-Q046=\":443\"; ma=2592000,h3-Q043=\":443\"; ma=2592000,quic=\":443\"; ma=2592000; v=\"46,43\"","accept-ranges":"none","transfer-encoding":"chunked"}
